<?xml version="1.0" encoding="UTF-8"?>
<!-- Generated by org.testng.reporters.JUnitXMLReporter -->
<testsuite hostname="DESKTOP-RCO2A0I" name="Default test" tests="3" failures="0" timestamp="7 Aug 2019 04:00:14 GMT" time="0.091" errors="0">
  <testcase name="tc001" time="0.014" classname="FrameWork_Testng.BeforeMethod_And_AfterMethod"/>
  <testcase name="tc002" time="0.01" classname="FrameWork_Testng.BeforeMethod_And_AfterMethod"/>
  <testcase name="tc003" time="0.004" classname="FrameWork_Testng.BeforeMethod_And_AfterMethod"/>
</testsuite> <!-- Default test -->
