<?xml version="1.0" encoding="UTF-8"?>
<testng-results skipped="0" failed="0" total="3" passed="3">
  <reporter-output>
    <line>
      <![CDATA[precondition before method]]>
    </line>
    <line>
      <![CDATA[tc001 executed]]>
    </line>
    <line>
      <![CDATA[post condition after method]]>
    </line>
    <line>
      <![CDATA[precondition before method]]>
    </line>
    <line>
      <![CDATA[tc002 executed]]>
    </line>
    <line>
      <![CDATA[post condition after method]]>
    </line>
    <line>
      <![CDATA[precondition before method]]>
    </line>
    <line>
      <![CDATA[tc003 executed]]>
    </line>
    <line>
      <![CDATA[post condition after method]]>
    </line>
  </reporter-output>
  <suite name="Default suite" duration-ms="91" started-at="2019-08-07T04:00:14Z" finished-at="2019-08-07T04:00:14Z">
    <groups>
    </groups>
    <test name="Default test" duration-ms="91" started-at="2019-08-07T04:00:14Z" finished-at="2019-08-07T04:00:14Z">
      <class name="FrameWork_Testng.BeforeMethod_And_AfterMethod">
        <test-method status="PASS" signature="beforeMethod()[pri:0, instance:FrameWork_Testng.BeforeMethod_And_AfterMethod@2a5ca609]" name="beforeMethod" is-config="true" duration-ms="8" started-at="2019-08-07T09:30:14Z" finished-at="2019-08-07T09:30:14Z">
          <reporter-output>
            <line>
              <![CDATA[precondition before method]]>
            </line>
          </reporter-output>
        </test-method> <!-- beforeMethod -->
        <test-method status="PASS" signature="tc001()[pri:0, instance:FrameWork_Testng.BeforeMethod_And_AfterMethod@2a5ca609]" name="tc001" duration-ms="14" started-at="2019-08-07T09:30:14Z" finished-at="2019-08-07T09:30:14Z">
          <reporter-output>
            <line>
              <![CDATA[tc001 executed]]>
            </line>
          </reporter-output>
        </test-method> <!-- tc001 -->
        <test-method status="PASS" signature="afterMethod()[pri:0, instance:FrameWork_Testng.BeforeMethod_And_AfterMethod@2a5ca609]" name="afterMethod" is-config="true" duration-ms="0" started-at="2019-08-07T09:30:14Z" finished-at="2019-08-07T09:30:14Z">
          <reporter-output>
            <line>
              <![CDATA[post condition after method]]>
            </line>
          </reporter-output>
        </test-method> <!-- afterMethod -->
        <test-method status="PASS" signature="tc002()[pri:0, instance:FrameWork_Testng.BeforeMethod_And_AfterMethod@2a5ca609]" name="tc002" duration-ms="10" started-at="2019-08-07T09:30:14Z" finished-at="2019-08-07T09:30:14Z">
          <reporter-output>
            <line>
              <![CDATA[tc002 executed]]>
            </line>
          </reporter-output>
        </test-method> <!-- tc002 -->
        <test-method status="PASS" signature="beforeMethod()[pri:0, instance:FrameWork_Testng.BeforeMethod_And_AfterMethod@2a5ca609]" name="beforeMethod" is-config="true" duration-ms="0" started-at="2019-08-07T09:30:14Z" finished-at="2019-08-07T09:30:14Z">
          <reporter-output>
            <line>
              <![CDATA[precondition before method]]>
            </line>
          </reporter-output>
        </test-method> <!-- beforeMethod -->
        <test-method status="PASS" signature="afterMethod()[pri:0, instance:FrameWork_Testng.BeforeMethod_And_AfterMethod@2a5ca609]" name="afterMethod" is-config="true" duration-ms="1" started-at="2019-08-07T09:30:14Z" finished-at="2019-08-07T09:30:14Z">
          <reporter-output>
            <line>
              <![CDATA[post condition after method]]>
            </line>
          </reporter-output>
        </test-method> <!-- afterMethod -->
        <test-method status="PASS" signature="beforeMethod()[pri:0, instance:FrameWork_Testng.BeforeMethod_And_AfterMethod@2a5ca609]" name="beforeMethod" is-config="true" duration-ms="0" started-at="2019-08-07T09:30:14Z" finished-at="2019-08-07T09:30:14Z">
          <reporter-output>
            <line>
              <![CDATA[precondition before method]]>
            </line>
          </reporter-output>
        </test-method> <!-- beforeMethod -->
        <test-method status="PASS" signature="tc003()[pri:0, instance:FrameWork_Testng.BeforeMethod_And_AfterMethod@2a5ca609]" name="tc003" duration-ms="4" started-at="2019-08-07T09:30:14Z" finished-at="2019-08-07T09:30:14Z">
          <reporter-output>
            <line>
              <![CDATA[tc003 executed]]>
            </line>
          </reporter-output>
        </test-method> <!-- tc003 -->
        <test-method status="PASS" signature="afterMethod()[pri:0, instance:FrameWork_Testng.BeforeMethod_And_AfterMethod@2a5ca609]" name="afterMethod" is-config="true" duration-ms="0" started-at="2019-08-07T09:30:14Z" finished-at="2019-08-07T09:30:14Z">
          <reporter-output>
            <line>
              <![CDATA[post condition after method]]>
            </line>
          </reporter-output>
        </test-method> <!-- afterMethod -->
      </class> <!-- FrameWork_Testng.BeforeMethod_And_AfterMethod -->
    </test> <!-- Default test -->
  </suite> <!-- Default suite -->
</testng-results>
