<?xml version="1.0" encoding="UTF-8"?>
<!-- Generated by org.testng.reporters.JUnitXMLReporter -->
<testsuite hostname="DESKTOP-RCO2A0I" name="chrome" tests="7" failures="0" timestamp="30 Jul 2019 03:43:16 GMT" time="0.093" errors="0">
  <testcase name="tc001" time="0.023" classname="Framework_Testng_BeforeTest_and_AfterTest.TestSuite1"/>
  <testcase name="tc002" time="0.003" classname="Framework_Testng_BeforeTest_and_AfterTest.TestSuite1"/>
  <testcase name="tc003" time="0.002" classname="Framework_Testng_BeforeTest_and_AfterTest.TestSuite1"/>
  <testcase name="tc004" time="0.002" classname="Framework_Testng_BeforeTest_and_AfterTest.TestSuite2"/>
  <testcase name="tc005" time="0.002" classname="Framework_Testng_BeforeTest_and_AfterTest.TestSuite2"/>
  <testcase name="tc006" time="0.002" classname="Framework_Testng_BeforeTest_and_AfterTest.TestSuite2"/>
  <testcase name="login" time="0.002" classname="Framework_Testng_BeforeTest_and_AfterTest.Test_for_chrome"/>
</testsuite> <!-- chrome -->
